::1 - - [18/Aug/2021:15:33:59 -0400] "GET /bootstrap/css/bootstrap.min.css HTTP/1.1" 200 121265
::1 - - [18/Aug/2021:15:33:59 -0400] "GET /dist/css/skins/_all-skins.min.css HTTP/1.1" 200 42005
::1 - - [18/Aug/2021:15:33:59 -0400] "GET /dist/css/AdminLTE.min.css HTTP/1.1" 200 96845
::1 - - [18/Aug/2021:15:33:59 -0400] "GET /plugins/iCheck/flat/blue.css HTTP/1.1" 200 1483
::1 - - [18/Aug/2021:15:33:59 -0400] "GET /plugins/morris/morris.css HTTP/1.1" 200 430
::1 - - [18/Aug/2021:15:33:59 -0400] "GET /plugins/jvectormap/jquery-jvectormap-1.2.2.css HTTP/1.1" 200 863
::1 - - [18/Aug/2021:15:33:59 -0400] "GET /plugins/daterangepicker/daterangepicker-bs3.css HTTP/1.1" 200 7102
::1 - - [18/Aug/2021:15:33:59 -0400] "GET /plugins/datepicker/datepicker3.css HTTP/1.1" 200 34535
::1 - - [18/Aug/2021:15:33:59 -0400] "GET /plugins/bootstrap-wysihtml5/bootstrap3-wysihtml5.min.css HTTP/1.1" 200 2228
::1 - - [18/Aug/2021:15:33:59 -0400] "GET /dist/css/multi-select.css HTTP/1.1" 200 2417
::1 - - [18/Aug/2021:15:33:59 -0400] "GET / HTTP/1.1" 200 26518
::1 - - [18/Aug/2021:15:33:59 -0400] "GET /plugins/jvectormap/jquery-jvectormap-1.2.2.min.js HTTP/1.1" 200 33330
::1 - - [18/Aug/2021:15:33:59 -0400] "GET /bootstrap/js/bootstrap.min.js HTTP/1.1" 200 36874
::1 - - [18/Aug/2021:15:33:59 -0400] "GET /plugins/morris/morris.min.js HTTP/1.1" 200 35658
::1 - - [18/Aug/2021:15:33:59 -0400] "GET /plugins/sparkline/jquery.sparkline.min.js HTTP/1.1" 200 43251
::1 - - [18/Aug/2021:15:33:59 -0400] "GET /plugins/jvectormap/jquery-jvectormap-world-mill-en.js HTTP/1.1" 200 144313
::1 - - [18/Aug/2021:15:33:59 -0400] "GET /plugins/jQuery/jQuery-2.2.0.min.js HTTP/1.1" 200 85593
::1 - - [18/Aug/2021:15:33:59 -0400] "GET /plugins/knob/jquery.knob.js HTTP/1.1" 200 27027
::1 - - [18/Aug/2021:15:33:59 -0400] "GET /plugins/daterangepicker/daterangepicker.js HTTP/1.1" 200 54983
::1 - - [18/Aug/2021:15:33:59 -0400] "GET /plugins/datepicker/bootstrap-datepicker.js HTTP/1.1" 200 48509
::1 - - [18/Aug/2021:15:33:59 -0400] "GET /plugins/slimScroll/jquery.slimscroll.min.js HTTP/1.1" 200 6230
::1 - - [18/Aug/2021:15:33:59 -0400] "GET /plugins/fastclick/fastclick.js HTTP/1.1" 200 26806
::1 - - [18/Aug/2021:15:33:59 -0400] "GET /dist/js/demo.js HTTP/1.1" 200 17606
::1 - - [18/Aug/2021:15:33:59 -0400] "GET /dist/js/app.min.js HTTP/1.1" 200 9706
::1 - - [18/Aug/2021:15:33:59 -0400] "GET /plugins/bootstrap-wysihtml5/bootstrap3-wysihtml5.all.min.js HTTP/1.1" 200 210939
::1 - - [18/Aug/2021:15:33:59 -0400] "GET /favicon.ico HTTP/1.1" 404 209
::1 - - [18/Aug/2021:15:34:31 -0400] "GET /page/node.php HTTP/1.1" 200 87891
::1 - - [18/Aug/2021:15:34:31 -0400] "GET /bootstrap/css/bootstrap.min.css HTTP/1.1" 304 -
::1 - - [18/Aug/2021:15:34:31 -0400] "GET /dist/css/AdminLTE.min.css HTTP/1.1" 304 -
::1 - - [18/Aug/2021:15:34:31 -0400] "GET /dist/css/skins/_all-skins.min.css HTTP/1.1" 304 -
::1 - - [18/Aug/2021:15:34:31 -0400] "GET /plugins/iCheck/flat/blue.css HTTP/1.1" 304 -
::1 - - [18/Aug/2021:15:34:31 -0400] "GET /plugins/morris/morris.css HTTP/1.1" 304 -
::1 - - [18/Aug/2021:15:34:31 -0400] "GET /plugins/jvectormap/jquery-jvectormap-1.2.2.css HTTP/1.1" 304 -
::1 - - [18/Aug/2021:15:34:31 -0400] "GET /plugins/datepicker/datepicker3.css HTTP/1.1" 304 -
::1 - - [18/Aug/2021:15:34:31 -0400] "GET /plugins/daterangepicker/daterangepicker-bs3.css HTTP/1.1" 304 -
::1 - - [18/Aug/2021:15:34:31 -0400] "GET /plugins/bootstrap-wysihtml5/bootstrap3-wysihtml5.min.css HTTP/1.1" 304 -
::1 - - [18/Aug/2021:15:34:31 -0400] "GET /dist/css/multi-select.css HTTP/1.1" 304 -
::1 - - [18/Aug/2021:15:34:31 -0400] "GET /plugins/jQuery/jQuery-2.2.0.min.js HTTP/1.1" 304 -
::1 - - [18/Aug/2021:15:34:31 -0400] "GET /bootstrap/js/bootstrap.min.js HTTP/1.1" 304 -
::1 - - [18/Aug/2021:15:34:31 -0400] "GET /plugins/morris/morris.min.js HTTP/1.1" 304 -
::1 - - [18/Aug/2021:15:34:31 -0400] "GET /plugins/sparkline/jquery.sparkline.min.js HTTP/1.1" 304 -
::1 - - [18/Aug/2021:15:34:31 -0400] "GET /plugins/jvectormap/jquery-jvectormap-1.2.2.min.js HTTP/1.1" 304 -
::1 - - [18/Aug/2021:15:34:31 -0400] "GET /plugins/jvectormap/jquery-jvectormap-world-mill-en.js HTTP/1.1" 304 -
::1 - - [18/Aug/2021:15:34:31 -0400] "GET /plugins/knob/jquery.knob.js HTTP/1.1" 304 -
::1 - - [18/Aug/2021:15:34:31 -0400] "GET /plugins/daterangepicker/daterangepicker.js HTTP/1.1" 304 -
::1 - - [18/Aug/2021:15:34:31 -0400] "GET /plugins/datepicker/bootstrap-datepicker.js HTTP/1.1" 304 -
::1 - - [18/Aug/2021:15:34:31 -0400] "GET /plugins/bootstrap-wysihtml5/bootstrap3-wysihtml5.all.min.js HTTP/1.1" 304 -
::1 - - [18/Aug/2021:15:34:31 -0400] "GET /plugins/slimScroll/jquery.slimscroll.min.js HTTP/1.1" 304 -
::1 - - [18/Aug/2021:15:34:31 -0400] "GET /plugins/fastclick/fastclick.js HTTP/1.1" 304 -
::1 - - [18/Aug/2021:15:34:31 -0400] "GET /dist/js/app.min.js HTTP/1.1" 304 -
::1 - - [18/Aug/2021:15:34:31 -0400] "GET /dist/js/demo.js HTTP/1.1" 304 -
::1 - - [18/Aug/2021:15:35:03 -0400] "GET /page/customers.php HTTP/1.1" 200 32086
::1 - - [18/Aug/2021:15:35:47 -0400] "GET /page/customers.php HTTP/1.1" 200 32086
::1 - - [18/Aug/2021:15:35:47 -0400] "GET /bootstrap/css/bootstrap.min.css HTTP/1.1" 304 -
::1 - - [18/Aug/2021:15:35:47 -0400] "GET /dist/css/AdminLTE.min.css HTTP/1.1" 304 -
::1 - - [18/Aug/2021:15:35:47 -0400] "GET /dist/css/skins/_all-skins.min.css HTTP/1.1" 304 -
::1 - - [18/Aug/2021:15:35:47 -0400] "GET /plugins/iCheck/flat/blue.css HTTP/1.1" 304 -
::1 - - [18/Aug/2021:15:35:47 -0400] "GET /plugins/morris/morris.css HTTP/1.1" 304 -
::1 - - [18/Aug/2021:15:35:47 -0400] "GET /plugins/jvectormap/jquery-jvectormap-1.2.2.css HTTP/1.1" 304 -
::1 - - [18/Aug/2021:15:35:47 -0400] "GET /plugins/datepicker/datepicker3.css HTTP/1.1" 304 -
::1 - - [18/Aug/2021:15:35:47 -0400] "GET /plugins/daterangepicker/daterangepicker-bs3.css HTTP/1.1" 304 -
::1 - - [18/Aug/2021:15:35:47 -0400] "GET /plugins/bootstrap-wysihtml5/bootstrap3-wysihtml5.min.css HTTP/1.1" 304 -
::1 - - [18/Aug/2021:15:35:47 -0400] "GET /dist/css/multi-select.css HTTP/1.1" 304 -
::1 - - [18/Aug/2021:15:35:47 -0400] "GET /plugins/jQuery/jQuery-2.2.0.min.js HTTP/1.1" 304 -
::1 - - [18/Aug/2021:15:35:47 -0400] "GET /bootstrap/js/bootstrap.min.js HTTP/1.1" 304 -
::1 - - [18/Aug/2021:15:35:47 -0400] "GET /plugins/morris/morris.min.js HTTP/1.1" 304 -
::1 - - [18/Aug/2021:15:35:47 -0400] "GET /plugins/sparkline/jquery.sparkline.min.js HTTP/1.1" 304 -
::1 - - [18/Aug/2021:15:35:47 -0400] "GET /plugins/jvectormap/jquery-jvectormap-1.2.2.min.js HTTP/1.1" 304 -
::1 - - [18/Aug/2021:15:35:47 -0400] "GET /plugins/jvectormap/jquery-jvectormap-world-mill-en.js HTTP/1.1" 304 -
::1 - - [18/Aug/2021:15:35:47 -0400] "GET /plugins/knob/jquery.knob.js HTTP/1.1" 304 -
::1 - - [18/Aug/2021:15:35:47 -0400] "GET /plugins/daterangepicker/daterangepicker.js HTTP/1.1" 304 -
::1 - - [18/Aug/2021:15:35:47 -0400] "GET /plugins/datepicker/bootstrap-datepicker.js HTTP/1.1" 304 -
::1 - - [18/Aug/2021:15:35:47 -0400] "GET /plugins/bootstrap-wysihtml5/bootstrap3-wysihtml5.all.min.js HTTP/1.1" 304 -
::1 - - [18/Aug/2021:15:35:47 -0400] "GET /plugins/slimScroll/jquery.slimscroll.min.js HTTP/1.1" 304 -
::1 - - [18/Aug/2021:15:35:47 -0400] "GET /dist/js/app.min.js HTTP/1.1" 304 -
::1 - - [18/Aug/2021:15:35:47 -0400] "GET /plugins/fastclick/fastclick.js HTTP/1.1" 304 -
::1 - - [18/Aug/2021:15:35:47 -0400] "GET /dist/js/demo.js HTTP/1.1" 304 -
::1 - - [18/Aug/2021:15:36:21 -0400] "GET /page/customers.php HTTP/1.1" 200 32086
::1 - - [18/Aug/2021:15:36:34 -0400] "GET /page/user.php HTTP/1.1" 200 23428
::1 - - [18/Aug/2021:15:36:34 -0400] "GET /bootstrap/css/bootstrap.min.css HTTP/1.1" 304 -
::1 - - [18/Aug/2021:15:36:34 -0400] "GET /dist/css/AdminLTE.min.css HTTP/1.1" 304 -
::1 - - [18/Aug/2021:15:36:34 -0400] "GET /dist/css/skins/_all-skins.min.css HTTP/1.1" 304 -
::1 - - [18/Aug/2021:15:36:34 -0400] "GET /plugins/iCheck/flat/blue.css HTTP/1.1" 304 -
::1 - - [18/Aug/2021:15:36:34 -0400] "GET /plugins/morris/morris.css HTTP/1.1" 304 -
::1 - - [18/Aug/2021:15:36:34 -0400] "GET /plugins/jvectormap/jquery-jvectormap-1.2.2.css HTTP/1.1" 304 -
::1 - - [18/Aug/2021:15:36:34 -0400] "GET /plugins/datepicker/datepicker3.css HTTP/1.1" 304 -
::1 - - [18/Aug/2021:15:36:34 -0400] "GET /plugins/daterangepicker/daterangepicker-bs3.css HTTP/1.1" 304 -
::1 - - [18/Aug/2021:15:36:34 -0400] "GET /plugins/bootstrap-wysihtml5/bootstrap3-wysihtml5.min.css HTTP/1.1" 304 -
::1 - - [18/Aug/2021:15:36:34 -0400] "GET /dist/css/multi-select.css HTTP/1.1" 304 -
::1 - - [18/Aug/2021:15:36:34 -0400] "GET /plugins/jQuery/jQuery-2.2.0.min.js HTTP/1.1" 304 -
::1 - - [18/Aug/2021:15:36:34 -0400] "GET /bootstrap/js/bootstrap.min.js HTTP/1.1" 304 -
::1 - - [18/Aug/2021:15:36:34 -0400] "GET /plugins/morris/morris.min.js HTTP/1.1" 304 -
::1 - - [18/Aug/2021:15:36:34 -0400] "GET /plugins/sparkline/jquery.sparkline.min.js HTTP/1.1" 304 -
::1 - - [18/Aug/2021:15:36:34 -0400] "GET /plugins/jvectormap/jquery-jvectormap-1.2.2.min.js HTTP/1.1" 304 -
::1 - - [18/Aug/2021:15:36:34 -0400] "GET /plugins/jvectormap/jquery-jvectormap-world-mill-en.js HTTP/1.1" 304 -
::1 - - [18/Aug/2021:15:36:34 -0400] "GET /plugins/knob/jquery.knob.js HTTP/1.1" 304 -
::1 - - [18/Aug/2021:15:36:34 -0400] "GET /plugins/daterangepicker/daterangepicker.js HTTP/1.1" 304 -
::1 - - [18/Aug/2021:15:36:34 -0400] "GET /plugins/datepicker/bootstrap-datepicker.js HTTP/1.1" 304 -
::1 - - [18/Aug/2021:15:36:34 -0400] "GET /plugins/bootstrap-wysihtml5/bootstrap3-wysihtml5.all.min.js HTTP/1.1" 304 -
::1 - - [18/Aug/2021:15:36:34 -0400] "GET /plugins/slimScroll/jquery.slimscroll.min.js HTTP/1.1" 304 -
::1 - - [18/Aug/2021:15:36:34 -0400] "GET /plugins/fastclick/fastclick.js HTTP/1.1" 304 -
::1 - - [18/Aug/2021:15:36:34 -0400] "GET /dist/js/app.min.js HTTP/1.1" 304 -
::1 - - [18/Aug/2021:15:36:34 -0400] "GET /dist/js/demo.js HTTP/1.1" 304 -
::1 - - [18/Aug/2021:15:38:10 -0400] "-" 408 -
::1 - - [18/Aug/2021:15:38:10 -0400] "-" 408 -
::1 - - [18/Aug/2021:15:39:18 -0400] "GET / HTTP/1.1" 200 26518
::1 - - [18/Aug/2021:15:39:18 -0400] "GET /bootstrap/css/bootstrap.min.css HTTP/1.1" 304 -
::1 - - [18/Aug/2021:15:39:18 -0400] "GET /dist/css/AdminLTE.min.css HTTP/1.1" 304 -
::1 - - [18/Aug/2021:15:39:18 -0400] "GET /dist/css/skins/_all-skins.min.css HTTP/1.1" 304 -
::1 - - [18/Aug/2021:15:39:18 -0400] "GET /plugins/iCheck/flat/blue.css HTTP/1.1" 304 -
::1 - - [18/Aug/2021:15:39:18 -0400] "GET /plugins/morris/morris.css HTTP/1.1" 304 -
::1 - - [18/Aug/2021:15:39:18 -0400] "GET /plugins/jvectormap/jquery-jvectormap-1.2.2.css HTTP/1.1" 304 -
::1 - - [18/Aug/2021:15:39:18 -0400] "GET /plugins/datepicker/datepicker3.css HTTP/1.1" 304 -
::1 - - [18/Aug/2021:15:39:18 -0400] "GET /plugins/daterangepicker/daterangepicker-bs3.css HTTP/1.1" 304 -
::1 - - [18/Aug/2021:15:39:18 -0400] "GET /plugins/bootstrap-wysihtml5/bootstrap3-wysihtml5.min.css HTTP/1.1" 304 -
::1 - - [18/Aug/2021:15:39:18 -0400] "GET /dist/css/multi-select.css HTTP/1.1" 304 -
::1 - - [18/Aug/2021:15:39:18 -0400] "GET /plugins/jQuery/jQuery-2.2.0.min.js HTTP/1.1" 304 -
::1 - - [18/Aug/2021:15:39:18 -0400] "GET /bootstrap/js/bootstrap.min.js HTTP/1.1" 304 -
::1 - - [18/Aug/2021:15:39:18 -0400] "GET /plugins/morris/morris.min.js HTTP/1.1" 304 -
::1 - - [18/Aug/2021:15:39:18 -0400] "GET /plugins/sparkline/jquery.sparkline.min.js HTTP/1.1" 304 -
::1 - - [18/Aug/2021:15:39:18 -0400] "GET /plugins/jvectormap/jquery-jvectormap-1.2.2.min.js HTTP/1.1" 304 -
::1 - - [18/Aug/2021:15:39:18 -0400] "GET /plugins/knob/jquery.knob.js HTTP/1.1" 304 -
::1 - - [18/Aug/2021:15:39:18 -0400] "GET /plugins/jvectormap/jquery-jvectormap-world-mill-en.js HTTP/1.1" 304 -
::1 - - [18/Aug/2021:15:39:18 -0400] "GET /plugins/daterangepicker/daterangepicker.js HTTP/1.1" 304 -
::1 - - [18/Aug/2021:15:39:18 -0400] "GET /plugins/datepicker/bootstrap-datepicker.js HTTP/1.1" 304 -
::1 - - [18/Aug/2021:15:39:18 -0400] "GET /plugins/bootstrap-wysihtml5/bootstrap3-wysihtml5.all.min.js HTTP/1.1" 304 -
::1 - - [18/Aug/2021:15:39:18 -0400] "GET /plugins/slimScroll/jquery.slimscroll.min.js HTTP/1.1" 304 -
::1 - - [18/Aug/2021:15:39:18 -0400] "GET /plugins/fastclick/fastclick.js HTTP/1.1" 304 -
::1 - - [18/Aug/2021:15:39:18 -0400] "GET /dist/js/app.min.js HTTP/1.1" 304 -
::1 - - [18/Aug/2021:15:39:18 -0400] "GET /dist/js/demo.js HTTP/1.1" 304 -
::1 - - [18/Aug/2021:15:39:21 -0400] "GET /page/power_lines.php HTTP/1.1" 200 24185
::1 - - [18/Aug/2021:15:39:35 -0400] "POST /template-control/edit_line.php HTTP/1.1" 200 56
::1 - - [18/Aug/2021:15:40:39 -0400] "GET /page/customers.php HTTP/1.1" 200 32086
::1 - - [18/Aug/2021:15:40:39 -0400] "GET /bootstrap/css/bootstrap.min.css HTTP/1.1" 304 -
::1 - - [18/Aug/2021:15:40:39 -0400] "GET /dist/css/AdminLTE.min.css HTTP/1.1" 304 -
::1 - - [18/Aug/2021:15:40:39 -0400] "GET /plugins/iCheck/flat/blue.css HTTP/1.1" 304 -
::1 - - [18/Aug/2021:15:40:39 -0400] "GET /dist/css/skins/_all-skins.min.css HTTP/1.1" 304 -
::1 - - [18/Aug/2021:15:40:39 -0400] "GET /plugins/morris/morris.css HTTP/1.1" 304 -
::1 - - [18/Aug/2021:15:40:39 -0400] "GET /plugins/jvectormap/jquery-jvectormap-1.2.2.css HTTP/1.1" 304 -
::1 - - [18/Aug/2021:15:40:39 -0400] "GET /plugins/datepicker/datepicker3.css HTTP/1.1" 304 -
::1 - - [18/Aug/2021:15:40:39 -0400] "GET /plugins/daterangepicker/daterangepicker-bs3.css HTTP/1.1" 304 -
::1 - - [18/Aug/2021:15:40:39 -0400] "GET /plugins/bootstrap-wysihtml5/bootstrap3-wysihtml5.min.css HTTP/1.1" 304 -
::1 - - [18/Aug/2021:15:40:39 -0400] "GET /dist/css/multi-select.css HTTP/1.1" 304 -
::1 - - [18/Aug/2021:15:40:39 -0400] "GET /plugins/jQuery/jQuery-2.2.0.min.js HTTP/1.1" 304 -
::1 - - [18/Aug/2021:15:40:39 -0400] "GET /bootstrap/js/bootstrap.min.js HTTP/1.1" 304 -
::1 - - [18/Aug/2021:15:40:39 -0400] "GET /plugins/morris/morris.min.js HTTP/1.1" 304 -
::1 - - [18/Aug/2021:15:40:39 -0400] "GET /plugins/sparkline/jquery.sparkline.min.js HTTP/1.1" 304 -
::1 - - [18/Aug/2021:15:40:39 -0400] "GET /plugins/jvectormap/jquery-jvectormap-1.2.2.min.js HTTP/1.1" 304 -
::1 - - [18/Aug/2021:15:40:39 -0400] "GET /plugins/jvectormap/jquery-jvectormap-world-mill-en.js HTTP/1.1" 304 -
::1 - - [18/Aug/2021:15:40:39 -0400] "GET /plugins/knob/jquery.knob.js HTTP/1.1" 304 -
::1 - - [18/Aug/2021:15:40:39 -0400] "GET /plugins/daterangepicker/daterangepicker.js HTTP/1.1" 304 -
::1 - - [18/Aug/2021:15:40:39 -0400] "GET /plugins/bootstrap-wysihtml5/bootstrap3-wysihtml5.all.min.js HTTP/1.1" 304 -
::1 - - [18/Aug/2021:15:40:39 -0400] "GET /plugins/datepicker/bootstrap-datepicker.js HTTP/1.1" 304 -
::1 - - [18/Aug/2021:15:40:39 -0400] "GET /plugins/slimScroll/jquery.slimscroll.min.js HTTP/1.1" 304 -
::1 - - [18/Aug/2021:15:40:39 -0400] "GET /plugins/fastclick/fastclick.js HTTP/1.1" 304 -
::1 - - [18/Aug/2021:15:40:39 -0400] "GET /dist/js/app.min.js HTTP/1.1" 304 -
::1 - - [18/Aug/2021:15:40:39 -0400] "GET /dist/js/demo.js HTTP/1.1" 304 -
::1 - - [18/Aug/2021:15:41:04 -0400] "POST /template-control/get_pin.php HTTP/1.1" 200 7
::1 - - [18/Aug/2021:15:41:04 -0400] "POST /template-control/get_pin.php HTTP/1.1" 200 7
::1 - - [18/Aug/2021:15:41:08 -0400] "POST /template-control/add_customer.php HTTP/1.1" 200 228
